<?xml version="1.0" encoding="UTF-8"?>
<!-- Generated by org.testng.reporters.JUnitXMLReporter -->
<testsuite hostname="DESKTOP-OR6VU5V" name="Default test" tests="4" failures="0" timestamp="30 Jul 2020 19:36:16 GMT" time="44.891" errors="0">
  <testcase name="App" time="3.805" classname="AllBrowsers.ChromeFireFoxIE"/>
  <testcase name="Bal" time="2.515" classname="AllBrowsers.ChromeFireFoxIE"/>
  <testcase name="Cat" time="16.908" classname="AllBrowsers.ChromeFireFoxIE"/>
  <testcase name="Dog" time="21.637" classname="AllBrowsers.ChromeFireFoxIE"/>
</testsuite> <!-- Default test -->
